<?xml version="1.0" encoding="UTF-8"?>
<robot generator="Robot 4.1 (Python 3.8.10 on darwin)" generated="20220914 15:17:22.929" rpa="false" schemaversion="2">
<suite id="s1" name="Taitotalo" source="/Users/koushikdey/Desktop/Taitotalo Python/lectures/test-robot/taitotalo.robot">
<test id="s1-t1" name="Testaa taitotalon haku ja ilmottautuminen">
<kw name="Avaa taitotalon sivu">
<kw name="Open Available Browser">
<arg>https://www.taitotalo.fi/</arg>
<msg timestamp="20220914 15:17:22.966" level="FAIL">No keyword with name 'Open Available Browser' found.</msg>
<status status="FAIL" starttime="20220914 15:17:22.966" endtime="20220914 15:17:22.966"/>
</kw>
<status status="FAIL" starttime="20220914 15:17:22.964" endtime="20220914 15:17:22.967"/>
</kw>
<kw name="Hyväksy evästeet">
<status status="NOT RUN" starttime="20220914 15:17:22.968" endtime="20220914 15:17:22.968"/>
</kw>
<kw name="Hae haku lomakkeella">
<arg>Python</arg>
<status status="NOT RUN" starttime="20220914 15:17:22.968" endtime="20220914 15:17:22.968"/>
</kw>
<kw name="Hae ensimmäistä koulutusta">
<status status="NOT RUN" starttime="20220914 15:17:22.968" endtime="20220914 15:17:22.968"/>
</kw>
<kw name="Täytä lomakkeen tiedot">
<status status="NOT RUN" starttime="20220914 15:17:22.968" endtime="20220914 15:17:22.968"/>
</kw>
<kw name="Ota kuvankaappaus">
<status status="NOT RUN" starttime="20220914 15:17:22.969" endtime="20220914 15:17:22.969"/>
</kw>
<kw name="Sulje selain">
<status status="NOT RUN" starttime="20220914 15:17:22.969" endtime="20220914 15:17:22.969"/>
</kw>
<status status="FAIL" starttime="20220914 15:17:22.963" endtime="20220914 15:17:22.969">No keyword with name 'Open Available Browser' found.</status>
</test>
<status status="FAIL" starttime="20220914 15:17:22.931" endtime="20220914 15:17:22.970"/>
</suite>
<statistics>
<total>
<stat pass="0" fail="1" skip="0">All Tests</stat>
</total>
<tag>
</tag>
<suite>
<stat pass="0" fail="1" skip="0" id="s1" name="Taitotalo">Taitotalo</stat>
</suite>
</statistics>
<errors>
<msg timestamp="20220914 15:17:22.963" level="ERROR">Error in file '/Users/koushikdey/Desktop/Taitotalo Python/lectures/test-robot/taitotalo.robot' on line 2: Importing library 'RPA.Browser.Selenium' failed: ModuleNotFoundError: No module named 'RPA.Browser'
Traceback (most recent call last):
  None
PYTHONPATH:
  /Users/koushikdey/.vscode/extensions/robocorp.robotframework-lsp-1.1.0/src/robotframework_debug_adapter
  /Users/koushikdey/Desktop/Taitotalo Python/lectures/test-robot
  /Users/koushikdey/.vscode/extensions/robocorp.robotframework-lsp-1.1.0/src
  /Users/koushikdey/.vscode/extensions/robocorp.robotframework-lsp-1.1.0/src/robotframework_ls/vendored
  /Users/Shared/robocorp/ht/e27f321_b1f3c24_0041a488/lib/python38.zip
  /Users/Shared/robocorp/ht/e27f321_b1f3c24_0041a488/lib/python3.8
  /Users/Shared/robocorp/ht/e27f321_b1f3c24_0041a488/lib/python3.8/lib-dynload
  /Users/Shared/robocorp/ht/e27f321_b1f3c24_0041a488/lib/python3.8/site-packages</msg>
</errors>
</robot>
